<?xml version="1.0" encoding="UTF-8"?>
<!-- Generated by org.testng.reporters.JUnitReportReporter -->
<testsuite hostname="DESKTOP-7RM1ST6" name="com.crm.qa.testcases.LoginPageTest" tests="3" failures="0" timestamp="7 Jul 2020 13:15:12 GMT" time="39.173" errors="0">
  <testcase name="loginPageTitle" time="9.298" classname="com.crm.qa.testcases.LoginPageTest"/>
  <testcase name="loginPageTest" time="14.661" classname="com.crm.qa.testcases.LoginPageTest"/>
  <testcase name="loginTest" time="15.214" classname="com.crm.qa.testcases.LoginPageTest"/>
</testsuite> <!-- com.crm.qa.testcases.LoginPageTest -->
